<?xml version="1.0" encoding="UTF-8"?>
<testng-results ignored="0" total="1" passed="1" failed="0" skipped="0">
  <reporter-output>
  </reporter-output>
  <suite started-at="2026-01-13T21:50:05 IST" name="Default suite" finished-at="2026-01-13T21:50:11 IST" duration-ms="6225">
    <groups>
    </groups>
    <test started-at="2026-01-13T21:50:05 IST" name="Default test" finished-at="2026-01-13T21:50:11 IST" duration-ms="6225">
      <class name="tests.LoginTest">
        <test-method is-config="true" signature="setup()[pri:0, instance:tests.LoginTest@1bb5a082]" started-at="2026-01-13T21:50:05 IST" name="setup" finished-at="2026-01-13T21:50:10 IST" duration-ms="5358" status="PASS">
          <reporter-output>
          </reporter-output>
        </test-method> <!-- setup -->
        <test-method signature="testValidLogin()[pri:0, instance:tests.LoginTest@1bb5a082]" started-at="2026-01-13T21:50:10 IST" name="testValidLogin" finished-at="2026-01-13T21:50:11 IST" duration-ms="829" status="PASS">
          <reporter-output>
          </reporter-output>
        </test-method> <!-- testValidLogin -->
        <test-method is-config="true" signature="teadDown()[pri:0, instance:tests.LoginTest@1bb5a082]" started-at="2026-01-13T21:50:11 IST" name="teadDown" finished-at="2026-01-13T21:50:11 IST" duration-ms="0" status="PASS">
          <reporter-output>
          </reporter-output>
        </test-method> <!-- teadDown -->
      </class> <!-- tests.LoginTest -->
    </test> <!-- Default test -->
  </suite> <!-- Default suite -->
</testng-results>
